<?xml version="1.0" encoding="utf-8"?><testsuites name="pytest tests"><testsuite name="pytest" errors="0" failures="0" skipped="0" tests="11" time="6.765" timestamp="2026-03-18T10:31:29.157413+00:00" hostname="agent-env-7222fa7b-ffe8-4536-a4f9-16ffc1f78a86"><testcase classname="backend.tests.test_payment_api.TestAuthFlow" name="test_login_with_test_credentials" time="0.516" /><testcase classname="backend.tests.test_payment_api.TestAuthFlow" name="test_register_new_coach" time="0.380" /><testcase classname="backend.tests.test_payment_api.TestAuthFlow" name="test_login_invalid_credentials" time="0.148" /><testcase classname="backend.tests.test_payment_api.TestGetAthletesWithPayments" name="test_get_athletes_list" time="0.483" /><testcase classname="backend.tests.test_payment_api.TestPaymentCRUD" name="test_add_payment_to_athlete" time="0.799" /><testcase classname="backend.tests.test_payment_api.TestPaymentCRUD" name="test_toggle_payment_paid_status" time="1.149" /><testcase classname="backend.tests.test_payment_api.TestPaymentCRUD" name="test_delete_payment" time="0.858" /><testcase classname="backend.tests.test_payment_api.TestPaymentCRUD" name="test_delete_nonexistent_payment" time="0.605" /><testcase classname="backend.tests.test_payment_api.TestFreemiumModel" name="test_freemium_first_athlete_succeeds" time="0.493" /><testcase classname="backend.tests.test_payment_api.TestFreemiumModel" name="test_freemium_second_athlete_blocked" time="0.591" /><testcase classname="backend.tests.test_payment_api.TestExistingAthletePayments" name="test_get_athlete_with_known_id" time="0.610" /></testsuite></testsuites>