<?xml version="1.0" encoding="utf-8"?><testsuites name="pytest tests"><testsuite name="pytest" errors="0" failures="0" skipped="0" tests="16" time="7.911" timestamp="2026-03-10T12:50:48.610978+00:00" hostname="agent-env-3ef093f0-6c3c-482e-95c4-9b7da77d80fd"><testcase classname="backend.tests.test_subscription_api.TestHealthCheck" name="test_health_endpoint" time="0.246" /><testcase classname="backend.tests.test_subscription_api.TestSubscriptionPlans" name="test_get_subscription_plans" time="0.115" /><testcase classname="backend.tests.test_subscription_api.TestSubscriptionStatus" name="test_get_subscription_status_authenticated" time="0.488" /><testcase classname="backend.tests.test_subscription_api.TestSubscriptionStatus" name="test_subscription_status_unauthenticated" time="0.106" /><testcase classname="backend.tests.test_subscription_api.TestSubscriptionCheckout" name="test_create_checkout_session_monthly" time="1.032" /><testcase classname="backend.tests.test_subscription_api.TestSubscriptionCheckout" name="test_create_checkout_session_annual" time="0.798" /><testcase classname="backend.tests.test_subscription_api.TestSubscriptionCheckout" name="test_create_checkout_invalid_plan" time="0.462" /><testcase classname="backend.tests.test_subscription_api.TestSubscriptionCheckout" name="test_checkout_unauthenticated" time="0.248" /><testcase classname="backend.tests.test_subscription_api.TestCheckoutStatus" name="test_get_checkout_status" time="1.105" /><testcase classname="backend.tests.test_subscription_api.TestCheckoutStatus" name="test_checkout_status_invalid_session" time="0.668" /><testcase classname="backend.tests.test_subscription_api.TestFreemiumAthleteLimit" name="test_first_athlete_creation_succeeds" time="0.457" /><testcase classname="backend.tests.test_subscription_api.TestFreemiumAthleteLimit" name="test_second_athlete_fails_for_free_tier_without_trial" time="0.564" /><testcase classname="backend.tests.test_subscription_api.TestAuthEndpoints" name="test_register_coach" time="0.333" /><testcase classname="backend.tests.test_subscription_api.TestAuthEndpoints" name="test_login_coach" time="0.656" /><testcase classname="backend.tests.test_subscription_api.TestAuthEndpoints" name="test_login_invalid_credentials" time="0.115" /><testcase classname="backend.tests.test_subscription_api.TestAuthEndpoints" name="test_get_me_authenticated" time="0.442" /></testsuite></testsuites>